Assembler report for lab9
Fri Nov 05 14:46:56 2021
Quartus Prime Version 18.0.0 Build 614 04/24/2018 SJ Standard Edition


---------------------
; Table of Contents ;
---------------------
  1. Legal Notice
  2. Assembler Summary
  3. Assembler Settings
  4. Assembler Generated Files
  5. Assembler Device Options: //eng-print.eng.famu.fsu.edu/kouchke/My Documents/Desktop/lab9/output_files/lab9.sof
  6. Assembler Messages



----------------
; Legal Notice ;
----------------
Copyright (C) 2018  Intel Corporation. All rights reserved.
Your use of Intel Corporation's design tools, logic functions 
and other software and tools, and its AMPP partner logic 
functions, and any output files from any of the foregoing 
(including device programming or simulation files), and any 
associated documentation or information are expressly subject 
to the terms and conditions of the Intel Program License 
Subscription Agreement, the Intel Quartus Prime License Agreement,
the Intel FPGA IP License Agreement, or other applicable license
agreement, including, without limitation, that your use is for
the sole purpose of programming logic devices manufactured by
Intel and sold by Intel or its authorized distributors.  Please
refer to the applicable agreement for further details.



+---------------------------------------------------------------+
; Assembler Summary                                             ;
+-----------------------+---------------------------------------+
; Assembler Status      ; Successful - Fri Nov 05 14:46:56 2021 ;
; Revision Name         ; lab9                                  ;
; Top-level Entity Name ; lab9                                  ;
; Family                ; Cyclone V                             ;
; Device                ; 5CSEMA5F31C6                          ;
+-----------------------+---------------------------------------+


+----------------------------------+
; Assembler Settings               ;
+--------+---------+---------------+
; Option ; Setting ; Default Value ;
+--------+---------+---------------+


+--------------------------------------------------------------------------------------+
; Assembler Generated Files                                                            ;
+--------------------------------------------------------------------------------------+
; File Name                                                                            ;
+--------------------------------------------------------------------------------------+
; //eng-print.eng.famu.fsu.edu/kouchke/My Documents/Desktop/lab9/output_files/lab9.sof ;
+--------------------------------------------------------------------------------------+


+----------------------------------------------------------------------------------------------------------------+
; Assembler Device Options: //eng-print.eng.famu.fsu.edu/kouchke/My Documents/Desktop/lab9/output_files/lab9.sof ;
+----------------+-----------------------------------------------------------------------------------------------+
; Option         ; Setting                                                                                       ;
+----------------+-----------------------------------------------------------------------------------------------+
; JTAG usercode  ; 0x00B55C60                                                                                    ;
; Checksum       ; 0x00B55C60                                                                                    ;
+----------------+-----------------------------------------------------------------------------------------------+


+--------------------+
; Assembler Messages ;
+--------------------+
Info: *******************************************************************
Info: Running Quartus Prime Assembler
    Info: Version 18.0.0 Build 614 04/24/2018 SJ Standard Edition
    Info: Processing started: Fri Nov 05 14:46:48 2021
Info: Command: quartus_asm --read_settings_files=off --write_settings_files=off lab9 -c lab9
Warning (125092): Tcl Script File //eng-print.eng.famu.fsu.edu/kouchke/My Documents/Desktop/lab9/testRom.qip not found
    Info (125063): set_global_assignment -name QIP_FILE "//eng-print.eng.famu.fsu.edu/kouchke/My Documents/Desktop/lab9/testRom.qip"
Warning (125092): Tcl Script File //eng-print.eng.famu.fsu.edu/kouchke/My Documents/Desktop/lab9/testrom2.qip not found
    Info (125063): set_global_assignment -name QIP_FILE "//eng-print.eng.famu.fsu.edu/kouchke/My Documents/Desktop/lab9/testrom2.qip"
Warning (18236): Number of processors has not been specified which may cause overloading on shared machines.  Set the global assignment NUM_PARALLEL_PROCESSORS in your QSF to an appropriate value for best performance.
Info (115030): Assembler is generating device programming files
Info: Quartus Prime Assembler was successful. 0 errors, 3 warnings
    Info: Peak virtual memory: 4857 megabytes
    Info: Processing ended: Fri Nov 05 14:46:56 2021
    Info: Elapsed time: 00:00:08
    Info: Total CPU time (on all processors): 00:00:05


